
2012-12-18 17:05:52 Warning: Warning (2): mysql_connect() [<a href='http://php.net/function.mysql-connect'>function.mysql-connect</a>]: Access denied for user 'root'@'localhost' (using password: YES) in [/Applications/MAMP/htdocs/maisa_solutions/cake/libs/model/datasources/dbo/dbo_mysql.php, line 561]
2012-12-18 17:05:52 Warning: Warning (2): mysql_query() expects parameter 2 to be resource, boolean given in [/Applications/MAMP/htdocs/maisa_solutions/cake/libs/model/datasources/dbo/dbo_mysql.php, line 613]
2012-12-18 17:05:52 Warning: Warning (2): Cannot modify header information - headers already sent by (output started at /Applications/MAMP/htdocs/maisa_solutions/cake/libs/debugger.php:429) in [/Applications/MAMP/htdocs/maisa_solutions/cake/libs/controller/controller.php, line 742]
2012-12-18 17:05:52 Warning: Warning (2): mysql_connect() [<a href='http://php.net/function.mysql-connect'>function.mysql-connect</a>]: Access denied for user 'root'@'localhost' (using password: YES) in [/Applications/MAMP/htdocs/maisa_solutions/cake/libs/model/datasources/dbo/dbo_mysql.php, line 561]
2012-12-18 17:05:52 Warning: Warning (2): mysql_query() expects parameter 2 to be resource, boolean given in [/Applications/MAMP/htdocs/maisa_solutions/cake/libs/model/datasources/dbo/dbo_mysql.php, line 613]
2012-12-18 17:05:52 Warning: Warning (2): Cannot modify header information - headers already sent by (output started at /Applications/MAMP/htdocs/maisa_solutions/cake/libs/debugger.php:429) in [/Applications/MAMP/htdocs/maisa_solutions/cake/libs/controller/controller.php, line 742]
2012-12-18 17:06:07 Warning: Warning (2): mysql_connect() [<a href='http://php.net/function.mysql-connect'>function.mysql-connect</a>]: Access denied for user 'root'@'localhost' (using password: YES) in [/Applications/MAMP/htdocs/maisa_solutions/cake/libs/model/datasources/dbo/dbo_mysql.php, line 561]
2012-12-18 17:06:07 Warning: Warning (2): mysql_query() expects parameter 2 to be resource, boolean given in [/Applications/MAMP/htdocs/maisa_solutions/cake/libs/model/datasources/dbo/dbo_mysql.php, line 613]
2012-12-18 17:06:07 Warning: Warning (2): Cannot modify header information - headers already sent by (output started at /Applications/MAMP/htdocs/maisa_solutions/cake/libs/debugger.php:429) in [/Applications/MAMP/htdocs/maisa_solutions/cake/libs/controller/controller.php, line 742]
2012-12-18 17:16:23 Warning: Warning (2): mysql_connect() [<a href='http://php.net/function.mysql-connect'>function.mysql-connect</a>]: Access denied for user 'root'@'localhost' (using password: YES) in [/Applications/MAMP/htdocs/maisa_solutions/cake/libs/model/datasources/dbo/dbo_mysql.php, line 561]
2012-12-18 17:16:23 Warning: Warning (2): mysql_query() expects parameter 2 to be resource, boolean given in [/Applications/MAMP/htdocs/maisa_solutions/cake/libs/model/datasources/dbo/dbo_mysql.php, line 613]
2012-12-18 17:16:23 Warning: Warning (2): Cannot modify header information - headers already sent by (output started at /Applications/MAMP/htdocs/maisa_solutions/cake/libs/debugger.php:429) in [/Applications/MAMP/htdocs/maisa_solutions/cake/libs/controller/controller.php, line 742]
2012-12-18 17:17:47 Warning: Warning (2): mysql_connect() [<a href='http://php.net/function.mysql-connect'>function.mysql-connect</a>]: Access denied for user 'root'@'localhost' (using password: YES) in [/Applications/MAMP/htdocs/maisa_solutions/cake/libs/model/datasources/dbo/dbo_mysql.php, line 561]
2012-12-18 17:17:47 Warning: Warning (2): mysql_query() expects parameter 2 to be resource, boolean given in [/Applications/MAMP/htdocs/maisa_solutions/cake/libs/model/datasources/dbo/dbo_mysql.php, line 613]
2012-12-18 17:17:47 Warning: Warning (2): Cannot modify header information - headers already sent by (output started at /Applications/MAMP/htdocs/maisa_solutions/cake/libs/debugger.php:429) in [/Applications/MAMP/htdocs/maisa_solutions/cake/libs/controller/controller.php, line 742]
2012-12-18 17:18:00 Warning: Warning (2): mysql_connect() [<a href='http://php.net/function.mysql-connect'>function.mysql-connect</a>]: Access denied for user 'root'@'localhost' (using password: YES) in [/Applications/MAMP/htdocs/maisa_solutions/cake/libs/model/datasources/dbo/dbo_mysql.php, line 561]
2012-12-18 17:18:00 Warning: Warning (2): mysql_query() expects parameter 2 to be resource, boolean given in [/Applications/MAMP/htdocs/maisa_solutions/cake/libs/model/datasources/dbo/dbo_mysql.php, line 613]
2012-12-18 17:18:00 Warning: Warning (2): Cannot modify header information - headers already sent by (output started at /Applications/MAMP/htdocs/maisa_solutions/cake/libs/debugger.php:429) in [/Applications/MAMP/htdocs/maisa_solutions/cake/libs/controller/controller.php, line 742]
2012-12-18 17:33:15 Warning: Warning (2): mysql_connect() [<a href='http://php.net/function.mysql-connect'>function.mysql-connect</a>]: Access denied for user 'root'@'localhost' (using password: YES) in [/Applications/MAMP/htdocs/maisa_solutions/cake/libs/model/datasources/dbo/dbo_mysql.php, line 561]
2012-12-18 17:33:15 Warning: Warning (2): mysql_query() expects parameter 2 to be resource, boolean given in [/Applications/MAMP/htdocs/maisa_solutions/cake/libs/model/datasources/dbo/dbo_mysql.php, line 613]
2012-12-18 17:33:15 Warning: Warning (2): Cannot modify header information - headers already sent by (output started at /Applications/MAMP/htdocs/maisa_solutions/cake/libs/debugger.php:683) in [/Applications/MAMP/htdocs/maisa_solutions/cake/libs/controller/controller.php, line 742]
2012-12-18 17:33:18 Warning: Warning (2): mysql_connect() [<a href='http://php.net/function.mysql-connect'>function.mysql-connect</a>]: Access denied for user 'root'@'localhost' (using password: YES) in [/Applications/MAMP/htdocs/maisa_solutions/cake/libs/model/datasources/dbo/dbo_mysql.php, line 561]
2012-12-18 17:33:18 Warning: Warning (2): mysql_query() expects parameter 2 to be resource, boolean given in [/Applications/MAMP/htdocs/maisa_solutions/cake/libs/model/datasources/dbo/dbo_mysql.php, line 613]
2012-12-18 17:33:18 Warning: Warning (2): Cannot modify header information - headers already sent by (output started at /Applications/MAMP/htdocs/maisa_solutions/cake/libs/debugger.php:683) in [/Applications/MAMP/htdocs/maisa_solutions/cake/libs/controller/controller.php, line 742]
2012-12-18 17:33:20 Warning: Warning (2): mysql_connect() [<a href='http://php.net/function.mysql-connect'>function.mysql-connect</a>]: Access denied for user 'root'@'localhost' (using password: YES) in [/Applications/MAMP/htdocs/maisa_solutions/cake/libs/model/datasources/dbo/dbo_mysql.php, line 561]
2012-12-18 17:33:20 Warning: Warning (2): mysql_query() expects parameter 2 to be resource, boolean given in [/Applications/MAMP/htdocs/maisa_solutions/cake/libs/model/datasources/dbo/dbo_mysql.php, line 613]
2012-12-18 17:33:20 Warning: Warning (2): Cannot modify header information - headers already sent by (output started at /Applications/MAMP/htdocs/maisa_solutions/cake/libs/debugger.php:683) in [/Applications/MAMP/htdocs/maisa_solutions/cake/libs/controller/controller.php, line 742]
2012-12-18 17:33:23 Warning: Warning (2): mysql_connect() [<a href='http://php.net/function.mysql-connect'>function.mysql-connect</a>]: Access denied for user 'root'@'localhost' (using password: YES) in [/Applications/MAMP/htdocs/maisa_solutions/cake/libs/model/datasources/dbo/dbo_mysql.php, line 561]
2012-12-18 17:33:23 Warning: Warning (2): mysql_query() expects parameter 2 to be resource, boolean given in [/Applications/MAMP/htdocs/maisa_solutions/cake/libs/model/datasources/dbo/dbo_mysql.php, line 613]
2012-12-18 17:33:23 Warning: Warning (2): Cannot modify header information - headers already sent by (output started at /Applications/MAMP/htdocs/maisa_solutions/cake/libs/debugger.php:683) in [/Applications/MAMP/htdocs/maisa_solutions/cake/libs/controller/controller.php, line 742]
2012-12-18 17:33:24 Warning: Warning (2): mysql_connect() [<a href='http://php.net/function.mysql-connect'>function.mysql-connect</a>]: Access denied for user 'root'@'localhost' (using password: YES) in [/Applications/MAMP/htdocs/maisa_solutions/cake/libs/model/datasources/dbo/dbo_mysql.php, line 561]
2012-12-18 17:33:24 Warning: Warning (2): mysql_query() expects parameter 2 to be resource, boolean given in [/Applications/MAMP/htdocs/maisa_solutions/cake/libs/model/datasources/dbo/dbo_mysql.php, line 613]
2012-12-18 17:33:24 Warning: Warning (2): Cannot modify header information - headers already sent by (output started at /Applications/MAMP/htdocs/maisa_solutions/cake/libs/debugger.php:683) in [/Applications/MAMP/htdocs/maisa_solutions/cake/libs/controller/controller.php, line 742]
2012-12-18 17:33:25 Warning: Warning (2): mysql_connect() [<a href='http://php.net/function.mysql-connect'>function.mysql-connect</a>]: Access denied for user 'root'@'localhost' (using password: YES) in [/Applications/MAMP/htdocs/maisa_solutions/cake/libs/model/datasources/dbo/dbo_mysql.php, line 561]
2012-12-18 17:33:25 Warning: Warning (2): mysql_query() expects parameter 2 to be resource, boolean given in [/Applications/MAMP/htdocs/maisa_solutions/cake/libs/model/datasources/dbo/dbo_mysql.php, line 613]
2012-12-18 17:33:25 Warning: Warning (2): Cannot modify header information - headers already sent by (output started at /Applications/MAMP/htdocs/maisa_solutions/cake/libs/debugger.php:683) in [/Applications/MAMP/htdocs/maisa_solutions/cake/libs/controller/controller.php, line 742]
2012-12-18 17:33:26 Warning: Warning (2): mysql_connect() [<a href='http://php.net/function.mysql-connect'>function.mysql-connect</a>]: Access denied for user 'root'@'localhost' (using password: YES) in [/Applications/MAMP/htdocs/maisa_solutions/cake/libs/model/datasources/dbo/dbo_mysql.php, line 561]
2012-12-18 17:33:26 Warning: Warning (2): mysql_query() expects parameter 2 to be resource, boolean given in [/Applications/MAMP/htdocs/maisa_solutions/cake/libs/model/datasources/dbo/dbo_mysql.php, line 613]
2012-12-18 17:33:26 Warning: Warning (2): Cannot modify header information - headers already sent by (output started at /Applications/MAMP/htdocs/maisa_solutions/cake/libs/debugger.php:683) in [/Applications/MAMP/htdocs/maisa_solutions/cake/libs/controller/controller.php, line 742]
2012-12-18 17:33:28 Warning: Warning (2): mysql_connect() [<a href='http://php.net/function.mysql-connect'>function.mysql-connect</a>]: Access denied for user 'root'@'localhost' (using password: YES) in [/Applications/MAMP/htdocs/maisa_solutions/cake/libs/model/datasources/dbo/dbo_mysql.php, line 561]
2012-12-18 17:33:28 Warning: Warning (2): mysql_query() expects parameter 2 to be resource, boolean given in [/Applications/MAMP/htdocs/maisa_solutions/cake/libs/model/datasources/dbo/dbo_mysql.php, line 613]
2012-12-18 17:33:28 Warning: Warning (2): Cannot modify header information - headers already sent by (output started at /Applications/MAMP/htdocs/maisa_solutions/cake/libs/debugger.php:683) in [/Applications/MAMP/htdocs/maisa_solutions/cake/libs/controller/controller.php, line 742]
2012-12-18 17:33:56 Warning: Warning (2): mysql_connect() [<a href='http://php.net/function.mysql-connect'>function.mysql-connect</a>]: Access denied for user 'root'@'localhost' (using password: YES) in [/Applications/MAMP/htdocs/maisa_solutions/cake/libs/model/datasources/dbo/dbo_mysql.php, line 561]
2012-12-18 17:33:56 Warning: Warning (2): mysql_query() expects parameter 2 to be resource, boolean given in [/Applications/MAMP/htdocs/maisa_solutions/cake/libs/model/datasources/dbo/dbo_mysql.php, line 613]
2012-12-18 17:33:56 Warning: Warning (2): Cannot modify header information - headers already sent by (output started at /Applications/MAMP/htdocs/maisa_solutions/cake/libs/debugger.php:683) in [/Applications/MAMP/htdocs/maisa_solutions/cake/libs/controller/controller.php, line 742]
2012-12-18 17:41:24 Warning: Warning (2): mysql_connect() [<a href='http://php.net/function.mysql-connect'>function.mysql-connect</a>]: Access denied for user 'root'@'localhost' (using password: YES) in [/Applications/MAMP/htdocs/maisa_solutions/cake/libs/model/datasources/dbo/dbo_mysql.php, line 561]
2012-12-18 17:41:24 Warning: Warning (2): mysql_query() expects parameter 2 to be resource, boolean given in [/Applications/MAMP/htdocs/maisa_solutions/cake/libs/model/datasources/dbo/dbo_mysql.php, line 613]
2012-12-18 17:41:24 Warning: Warning (2): Cannot modify header information - headers already sent by (output started at /Applications/MAMP/htdocs/maisa_solutions/cake/libs/debugger.php:683) in [/Applications/MAMP/htdocs/maisa_solutions/cake/libs/controller/controller.php, line 742]
2012-12-18 17:41:28 Warning: Warning (2): mysql_connect() [<a href='http://php.net/function.mysql-connect'>function.mysql-connect</a>]: Access denied for user 'root'@'localhost' (using password: YES) in [/Applications/MAMP/htdocs/maisa_solutions/cake/libs/model/datasources/dbo/dbo_mysql.php, line 561]
2012-12-18 17:41:28 Warning: Warning (2): mysql_query() expects parameter 2 to be resource, boolean given in [/Applications/MAMP/htdocs/maisa_solutions/cake/libs/model/datasources/dbo/dbo_mysql.php, line 613]
2012-12-18 17:41:28 Warning: Warning (2): Cannot modify header information - headers already sent by (output started at /Applications/MAMP/htdocs/maisa_solutions/cake/libs/debugger.php:683) in [/Applications/MAMP/htdocs/maisa_solutions/cake/libs/controller/controller.php, line 742]
2012-12-18 17:41:29 Warning: Warning (2): mysql_connect() [<a href='http://php.net/function.mysql-connect'>function.mysql-connect</a>]: Access denied for user 'root'@'localhost' (using password: YES) in [/Applications/MAMP/htdocs/maisa_solutions/cake/libs/model/datasources/dbo/dbo_mysql.php, line 561]
2012-12-18 17:41:29 Warning: Warning (2): mysql_query() expects parameter 2 to be resource, boolean given in [/Applications/MAMP/htdocs/maisa_solutions/cake/libs/model/datasources/dbo/dbo_mysql.php, line 613]
2012-12-18 17:41:29 Warning: Warning (2): Cannot modify header information - headers already sent by (output started at /Applications/MAMP/htdocs/maisa_solutions/cake/libs/debugger.php:683) in [/Applications/MAMP/htdocs/maisa_solutions/cake/libs/controller/controller.php, line 742]
2012-12-18 17:41:30 Warning: Warning (2): mysql_connect() [<a href='http://php.net/function.mysql-connect'>function.mysql-connect</a>]: Access denied for user 'root'@'localhost' (using password: YES) in [/Applications/MAMP/htdocs/maisa_solutions/cake/libs/model/datasources/dbo/dbo_mysql.php, line 561]
2012-12-18 17:41:30 Warning: Warning (2): mysql_query() expects parameter 2 to be resource, boolean given in [/Applications/MAMP/htdocs/maisa_solutions/cake/libs/model/datasources/dbo/dbo_mysql.php, line 613]
2012-12-18 17:41:30 Warning: Warning (2): Cannot modify header information - headers already sent by (output started at /Applications/MAMP/htdocs/maisa_solutions/cake/libs/debugger.php:683) in [/Applications/MAMP/htdocs/maisa_solutions/cake/libs/controller/controller.php, line 742]
2012-12-18 17:41:31 Warning: Warning (2): mysql_connect() [<a href='http://php.net/function.mysql-connect'>function.mysql-connect</a>]: Access denied for user 'root'@'localhost' (using password: YES) in [/Applications/MAMP/htdocs/maisa_solutions/cake/libs/model/datasources/dbo/dbo_mysql.php, line 561]
2012-12-18 17:41:31 Warning: Warning (2): mysql_query() expects parameter 2 to be resource, boolean given in [/Applications/MAMP/htdocs/maisa_solutions/cake/libs/model/datasources/dbo/dbo_mysql.php, line 613]
2012-12-18 17:41:31 Warning: Warning (2): Cannot modify header information - headers already sent by (output started at /Applications/MAMP/htdocs/maisa_solutions/cake/libs/debugger.php:683) in [/Applications/MAMP/htdocs/maisa_solutions/cake/libs/controller/controller.php, line 742]
2012-12-18 17:41:31 Warning: Warning (2): mysql_connect() [<a href='http://php.net/function.mysql-connect'>function.mysql-connect</a>]: Access denied for user 'root'@'localhost' (using password: YES) in [/Applications/MAMP/htdocs/maisa_solutions/cake/libs/model/datasources/dbo/dbo_mysql.php, line 561]
2012-12-18 17:41:31 Warning: Warning (2): mysql_query() expects parameter 2 to be resource, boolean given in [/Applications/MAMP/htdocs/maisa_solutions/cake/libs/model/datasources/dbo/dbo_mysql.php, line 613]
2012-12-18 17:41:31 Warning: Warning (2): Cannot modify header information - headers already sent by (output started at /Applications/MAMP/htdocs/maisa_solutions/cake/libs/debugger.php:683) in [/Applications/MAMP/htdocs/maisa_solutions/cake/libs/controller/controller.php, line 742]
2012-12-18 17:41:33 Warning: Warning (2): mysql_connect() [<a href='http://php.net/function.mysql-connect'>function.mysql-connect</a>]: Access denied for user 'root'@'localhost' (using password: YES) in [/Applications/MAMP/htdocs/maisa_solutions/cake/libs/model/datasources/dbo/dbo_mysql.php, line 561]
2012-12-18 17:41:33 Warning: Warning (2): mysql_query() expects parameter 2 to be resource, boolean given in [/Applications/MAMP/htdocs/maisa_solutions/cake/libs/model/datasources/dbo/dbo_mysql.php, line 613]
2012-12-18 17:41:33 Warning: Warning (2): Cannot modify header information - headers already sent by (output started at /Applications/MAMP/htdocs/maisa_solutions/cake/libs/debugger.php:683) in [/Applications/MAMP/htdocs/maisa_solutions/cake/libs/controller/controller.php, line 742]
2012-12-18 17:42:12 Warning: Warning (2): mysql_connect() [<a href='http://php.net/function.mysql-connect'>function.mysql-connect</a>]: Can't connect to local MySQL server through socket '/tmp/mysql/mysql.sock' (2) in [/Applications/MAMP/htdocs/maisa_solutions/cake/libs/model/datasources/dbo/dbo_mysql.php, line 561]
2012-12-18 17:42:12 Warning: Warning (2): mysql_query() expects parameter 2 to be resource, boolean given in [/Applications/MAMP/htdocs/maisa_solutions/cake/libs/model/datasources/dbo/dbo_mysql.php, line 613]
2012-12-18 17:42:12 Warning: Warning (2): Cannot modify header information - headers already sent by (output started at /Applications/MAMP/htdocs/maisa_solutions/cake/libs/debugger.php:683) in [/Applications/MAMP/htdocs/maisa_solutions/cake/libs/controller/controller.php, line 742]
2012-12-18 17:42:14 Warning: Warning (2): mysql_connect() [<a href='http://php.net/function.mysql-connect'>function.mysql-connect</a>]: Can't connect to local MySQL server through socket '/tmp/mysql/mysql.sock' (2) in [/Applications/MAMP/htdocs/maisa_solutions/cake/libs/model/datasources/dbo/dbo_mysql.php, line 561]
2012-12-18 17:42:14 Warning: Warning (2): mysql_query() expects parameter 2 to be resource, boolean given in [/Applications/MAMP/htdocs/maisa_solutions/cake/libs/model/datasources/dbo/dbo_mysql.php, line 613]
2012-12-18 17:42:14 Warning: Warning (2): Cannot modify header information - headers already sent by (output started at /Applications/MAMP/htdocs/maisa_solutions/cake/libs/debugger.php:683) in [/Applications/MAMP/htdocs/maisa_solutions/cake/libs/controller/controller.php, line 742]
2012-12-18 17:42:54 Warning: Warning (2): mysql_connect() [<a href='http://php.net/function.mysql-connect'>function.mysql-connect</a>]: Can't connect to local MySQL server through socket '/tmp/mysql/mysql.sock' (2) in [/Applications/MAMP/htdocs/maisa_solutions/cake/libs/model/datasources/dbo/dbo_mysql.php, line 561]
2012-12-18 17:42:54 Warning: Warning (2): mysql_query() expects parameter 2 to be resource, boolean given in [/Applications/MAMP/htdocs/maisa_solutions/cake/libs/model/datasources/dbo/dbo_mysql.php, line 613]
2012-12-18 17:42:54 Warning: Warning (2): Cannot modify header information - headers already sent by (output started at /Applications/MAMP/htdocs/maisa_solutions/cake/libs/debugger.php:683) in [/Applications/MAMP/htdocs/maisa_solutions/cake/libs/controller/controller.php, line 742]
2012-12-21 06:33:23 Warning: Warning (2): mysql_connect() [http://php.net/function.mysql-connect]: Access denied for user 'root'@'localhost' (using password: YES) in [/var/www/maisa_solutions/cake/libs/model/datasources/dbo/dbo_mysql.php, line 561]
2012-12-21 06:33:23 Warning: Warning (2): mysql_query() expects parameter 2 to be resource, boolean given in [/var/www/maisa_solutions/cake/libs/model/datasources/dbo/dbo_mysql.php, line 613]
2013-01-01 11:14:24 Warning: Warning (2): fopen(/var/www/maisa_solutions/app/tmp/cache/persistent/cake_core_dir_map) [http://php.net/function.fopen]: failed to open stream: Permission denied in [/var/www/maisa_solutions/cake/libs/file.php, line 152]
2013-01-01 11:14:24 Warning: Warning (2): fopen(/var/www/maisa_solutions/app/tmp/cache/persistent/cake_core_file_map) [http://php.net/function.fopen]: failed to open stream: Permission denied in [/var/www/maisa_solutions/cake/libs/file.php, line 152]
2013-01-01 11:14:24 Warning: Warning (2): fopen(/var/www/maisa_solutions/app/tmp/cache/persistent/cake_core_object_map) [http://php.net/function.fopen]: failed to open stream: Permission denied in [/var/www/maisa_solutions/cake/libs/file.php, line 152]
2013-01-02 04:32:43 Warning: Warning (2): fopen(/var/www/maisa_solutions/app/tmp/cache/persistent/cake_core_dir_map) [http://php.net/function.fopen]: failed to open stream: Permission denied in [/var/www/maisa_solutions/cake/libs/file.php, line 152]
2013-01-02 04:32:43 Warning: Warning (2): fopen(/var/www/maisa_solutions/app/tmp/cache/persistent/cake_core_file_map) [http://php.net/function.fopen]: failed to open stream: Permission denied in [/var/www/maisa_solutions/cake/libs/file.php, line 152]
2013-01-02 04:32:43 Warning: Warning (2): fopen(/var/www/maisa_solutions/app/tmp/cache/persistent/cake_core_object_map) [http://php.net/function.fopen]: failed to open stream: Permission denied in [/var/www/maisa_solutions/cake/libs/file.php, line 152]
2013-01-02 04:42:48 Warning: Warning (2): fopen(/var/www/maisa_solutions/app/tmp/cache/persistent/cake_core_dir_map) [http://php.net/function.fopen]: failed to open stream: Permission denied in [/var/www/maisa_solutions/cake/libs/file.php, line 152]
2013-01-02 04:42:48 Warning: Warning (2): fopen(/var/www/maisa_solutions/app/tmp/cache/persistent/cake_core_file_map) [http://php.net/function.fopen]: failed to open stream: Permission denied in [/var/www/maisa_solutions/cake/libs/file.php, line 152]
2013-01-02 04:42:48 Warning: Warning (2): fopen(/var/www/maisa_solutions/app/tmp/cache/persistent/cake_core_object_map) [http://php.net/function.fopen]: failed to open stream: Permission denied in [/var/www/maisa_solutions/cake/libs/file.php, line 152]
2013-01-02 04:44:01 Warning: Warning (2): fopen(/var/www/maisa_solutions/app/tmp/cache/persistent/cake_core_dir_map) [http://php.net/function.fopen]: failed to open stream: Permission denied in [/var/www/maisa_solutions/cake/libs/file.php, line 152]
2013-01-02 04:44:01 Warning: Warning (2): fopen(/var/www/maisa_solutions/app/tmp/cache/persistent/cake_core_file_map) [http://php.net/function.fopen]: failed to open stream: Permission denied in [/var/www/maisa_solutions/cake/libs/file.php, line 152]
2013-01-02 04:44:01 Warning: Warning (2): fopen(/var/www/maisa_solutions/app/tmp/cache/persistent/cake_core_object_map) [http://php.net/function.fopen]: failed to open stream: Permission denied in [/var/www/maisa_solutions/cake/libs/file.php, line 152]
2013-01-02 04:44:08 Warning: Warning (2): fopen(/var/www/maisa_solutions/app/tmp/cache/persistent/cake_core_dir_map) [http://php.net/function.fopen]: failed to open stream: Permission denied in [/var/www/maisa_solutions/cake/libs/file.php, line 152]
2013-01-02 04:44:08 Warning: Warning (2): fopen(/var/www/maisa_solutions/app/tmp/cache/persistent/cake_core_file_map) [http://php.net/function.fopen]: failed to open stream: Permission denied in [/var/www/maisa_solutions/cake/libs/file.php, line 152]
2013-01-02 04:44:08 Warning: Warning (2): fopen(/var/www/maisa_solutions/app/tmp/cache/persistent/cake_core_object_map) [http://php.net/function.fopen]: failed to open stream: Permission denied in [/var/www/maisa_solutions/cake/libs/file.php, line 152]
2013-01-02 04:45:03 Warning: Warning (2): fopen(/var/www/maisa_solutions/app/tmp/cache/persistent/cake_core_dir_map) [http://php.net/function.fopen]: failed to open stream: Permission denied in [/var/www/maisa_solutions/cake/libs/file.php, line 152]
2013-01-02 04:45:03 Warning: Warning (2): fopen(/var/www/maisa_solutions/app/tmp/cache/persistent/cake_core_file_map) [http://php.net/function.fopen]: failed to open stream: Permission denied in [/var/www/maisa_solutions/cake/libs/file.php, line 152]
2013-01-02 04:45:03 Warning: Warning (2): fopen(/var/www/maisa_solutions/app/tmp/cache/persistent/cake_core_object_map) [http://php.net/function.fopen]: failed to open stream: Permission denied in [/var/www/maisa_solutions/cake/libs/file.php, line 152]
2013-01-02 04:46:00 Warning: Warning (2): fopen(/var/www/maisa_solutions/app/tmp/cache/persistent/cake_core_dir_map) [http://php.net/function.fopen]: failed to open stream: Permission denied in [/var/www/maisa_solutions/cake/libs/file.php, line 152]
2013-01-02 04:46:00 Warning: Warning (2): fopen(/var/www/maisa_solutions/app/tmp/cache/persistent/cake_core_file_map) [http://php.net/function.fopen]: failed to open stream: Permission denied in [/var/www/maisa_solutions/cake/libs/file.php, line 152]
2013-01-02 04:46:00 Warning: Warning (2): fopen(/var/www/maisa_solutions/app/tmp/cache/persistent/cake_core_object_map) [http://php.net/function.fopen]: failed to open stream: Permission denied in [/var/www/maisa_solutions/cake/libs/file.php, line 152]
2013-01-02 04:49:00 Warning: Warning (2): fopen(/var/www/maisa_solutions/app/tmp/cache/persistent/cake_core_dir_map) [http://php.net/function.fopen]: failed to open stream: Permission denied in [/var/www/maisa_solutions/cake/libs/file.php, line 152]
2013-01-02 04:49:00 Warning: Warning (2): fopen(/var/www/maisa_solutions/app/tmp/cache/persistent/cake_core_file_map) [http://php.net/function.fopen]: failed to open stream: Permission denied in [/var/www/maisa_solutions/cake/libs/file.php, line 152]
2013-01-02 04:49:00 Warning: Warning (2): fopen(/var/www/maisa_solutions/app/tmp/cache/persistent/cake_core_object_map) [http://php.net/function.fopen]: failed to open stream: Permission denied in [/var/www/maisa_solutions/cake/libs/file.php, line 152]
2013-01-02 05:17:04 Warning: Warning (2): fopen(/var/www/maisa_solutions/app/tmp/cache/persistent/cake_core_dir_map) [http://php.net/function.fopen]: failed to open stream: Permission denied in [/var/www/maisa_solutions/cake/libs/file.php, line 152]
2013-01-02 05:17:04 Warning: Warning (2): fopen(/var/www/maisa_solutions/app/tmp/cache/persistent/cake_core_file_map) [http://php.net/function.fopen]: failed to open stream: Permission denied in [/var/www/maisa_solutions/cake/libs/file.php, line 152]
2013-01-02 05:17:04 Warning: Warning (2): fopen(/var/www/maisa_solutions/app/tmp/cache/persistent/cake_core_object_map) [http://php.net/function.fopen]: failed to open stream: Permission denied in [/var/www/maisa_solutions/cake/libs/file.php, line 152]
2013-01-03 05:51:53 Warning: Warning (2): mysql_connect() [http://php.net/function.mysql-connect]: Access denied for user 'root'@'localhost' (using password: NO) in [/var/www/maisa_solutions/cake/libs/model/datasources/dbo/dbo_mysql.php, line 561]
2013-01-03 05:51:53 Warning: Warning (2): mysql_query() expects parameter 2 to be resource, boolean given in [/var/www/maisa_solutions/cake/libs/model/datasources/dbo/dbo_mysql.php, line 613]
2013-02-11 12:22:06 Warning: Warning (512): /Applications/MAMP/htdocs/maisa_solutions/app/tmp/cache/persistent/ is not writable in [/Applications/MAMP/htdocs/maisa_solutions/cake/libs/cache/file.php, line 267]
2013-05-13 10:31:41 Warning: Warning (2): mysql_connect() [<a href='http://php.net/function.mysql-connect'>function.mysql-connect</a>]: Access denied for user 'root'@'localhost' (using password: NO) in [/Applications/MAMP/htdocs/maisa_solutions/cake/libs/model/datasources/dbo/dbo_mysql.php, line 561]
2013-05-13 10:31:41 Warning: Warning (2): mysql_query() expects parameter 2 to be resource, boolean given in [/Applications/MAMP/htdocs/maisa_solutions/cake/libs/model/datasources/dbo/dbo_mysql.php, line 613]
2013-05-13 10:31:41 Warning: Warning (2): Cannot modify header information - headers already sent by (output started at /Applications/MAMP/htdocs/maisa_solutions/cake/libs/debugger.php:429) in [/Applications/MAMP/htdocs/maisa_solutions/cake/libs/controller/controller.php, line 742]
2013-05-13 11:11:59 Warning: Warning (2): mysql_connect() [<a href='http://php.net/function.mysql-connect'>function.mysql-connect</a>]: Access denied for user 'root'@'localhost' (using password: NO) in [/Applications/MAMP/htdocs/maisa_solutions/cake/libs/model/datasources/dbo/dbo_mysql.php, line 561]
2013-05-13 11:11:59 Warning: Warning (2): mysql_query() expects parameter 2 to be resource, boolean given in [/Applications/MAMP/htdocs/maisa_solutions/cake/libs/model/datasources/dbo/dbo_mysql.php, line 613]
2013-05-13 11:11:59 Warning: Warning (2): Cannot modify header information - headers already sent by (output started at /Applications/MAMP/htdocs/maisa_solutions/cake/libs/debugger.php:429) in [/Applications/MAMP/htdocs/maisa_solutions/cake/libs/controller/controller.php, line 742]
